<?xml version="1.0" encoding="UTF-8"?>
<!-- Generated by org.testng.reporters.JUnitReportReporter -->
<testsuite hostname="optimist2309-Inspiron-15-3567" failures="0" tests="1" name="com.gmail.tests.GmailLogoutTest" time="2.251" errors="0" timestamp="2019-09-05T16:46:02 IST" skipped="0">
  <testcase classname="com.gmail.tests.GmailLogoutTest" name="init" time="2.251"/>
</testsuite> <!-- com.gmail.tests.GmailLogoutTest -->
