<?xml version="1.0" encoding="UTF-8"?>
<!-- Generated by org.testng.reporters.JUnitReportReporter -->
<testsuite hostname="optimist2309-Inspiron-15-3567" failures="0" tests="1" name="com.goibibo.pages.DatePickerOnGoIbibo" time="29.918" errors="0" timestamp="2019-09-04T15:28:14 IST" skipped="0">
  <testcase classname="com.goibibo.pages.DatePickerOnGoIbibo" name="datePicker" time="29.918"/>
</testsuite> <!-- com.goibibo.pages.DatePickerOnGoIbibo -->
