<?xml version="1.0" encoding="UTF-8"?>
<!-- Generated by org.testng.reporters.JUnitReportReporter -->
<testsuite hostname="optimist2309-Inspiron-15-3567" failures="0" tests="1" name="com.goibibo.tests.FlightReviewTest" time="7.090" errors="0" timestamp="2019-09-05T16:44:56 IST" skipped="0">
  <testcase classname="com.goibibo.tests.FlightReviewTest" name="init" time="7.090"/>
</testsuite> <!-- com.goibibo.tests.FlightReviewTest -->
